<?xml version="1.0" encoding="UTF-8"?>
<!-- Generated by org.testng.reporters.JUnitReportReporter -->
<testsuite hostname="DESKTOP-7IL8GUR" failures="0" tests="2" name="com.runner.runclass" time="51.235" errors="0" timestamp="2025-04-07T16:35:13 IST" skipped="0">
  <testcase classname="com.runner.runclass" name="runScenario" time="51.175"/>
  <testcase classname="com.runner.runclass" name="f" time="0.060"/>
</testsuite> <!-- com.runner.runclass -->
