<?xml version="1.0" encoding="UTF-8"?>
<!-- Generated by org.testng.reporters.JUnitReportReporter -->
<testsuite hostname="DESKTOP-7IL8GUR" failures="0" tests="7" name="com.runner.runclass" time="124.279" errors="0" timestamp="2025-04-07T22:29:56 IST" skipped="0">
  <testcase classname="com.runner.runclass" name="runScenario" time="27.053"/>
  <testcase classname="com.runner.runclass" name="runScenario" time="15.129"/>
  <testcase classname="com.runner.runclass" name="f" time="0.027"/>
  <testcase classname="com.runner.runclass" name="runScenario" time="17.506"/>
  <testcase classname="com.runner.runclass" name="runScenario" time="13.129"/>
  <testcase classname="com.runner.runclass" name="runScenario" time="27.241"/>
  <testcase classname="com.runner.runclass" name="runScenario" time="24.194"/>
</testsuite> <!-- com.runner.runclass -->
