<?xml version="1.0" encoding="UTF-8"?>
<!-- Generated by org.testng.reporters.JUnitReportReporter -->
<testsuite hostname="DESKTOP-7IL8GUR" failures="0" tests="7" name="com.runner.runclass" time="94.834" errors="0" timestamp="2025-04-08T07:45:51 IST" skipped="0">
  <testcase classname="com.runner.runclass" name="runScenario" time="22.112"/>
  <testcase classname="com.runner.runclass" name="runScenario" time="12.024"/>
  <testcase classname="com.runner.runclass" name="runScenario" time="13.093"/>
  <testcase classname="com.runner.runclass" name="runScenario" time="20.387"/>
  <testcase classname="com.runner.runclass" name="runScenario" time="15.966"/>
  <testcase classname="com.runner.runclass" name="runScenario" time="11.232"/>
  <testcase classname="com.runner.runclass" name="f" time="0.020"/>
</testsuite> <!-- com.runner.runclass -->
