<?xml version="1.0" encoding="UTF-8"?>
<!-- Generated by org.testng.reporters.JUnitReportReporter -->
<testsuite hostname="DESKTOP-7IL8GUR" failures="0" tests="7" name="com.runner.runclass" time="93.477" errors="0" timestamp="2025-04-08T06:43:24 IST" skipped="0">
  <testcase classname="com.runner.runclass" name="f" time="0.024"/>
  <testcase classname="com.runner.runclass" name="runScenario" time="9.890"/>
  <testcase classname="com.runner.runclass" name="runScenario" time="22.136"/>
  <testcase classname="com.runner.runclass" name="runScenario" time="13.720"/>
  <testcase classname="com.runner.runclass" name="runScenario" time="16.360"/>
  <testcase classname="com.runner.runclass" name="runScenario" time="11.680"/>
  <testcase classname="com.runner.runclass" name="runScenario" time="19.667"/>
</testsuite> <!-- com.runner.runclass -->
