<?xml version="1.0" encoding="UTF-8"?>
<!-- Generated by org.testng.reporters.JUnitReportReporter -->
<testsuite hostname="DESKTOP-7IL8GUR" failures="0" tests="7" name="com.runner.runclass" time="102.730" errors="0" timestamp="2025-04-08T07:10:06 IST" skipped="0">
  <testcase classname="com.runner.runclass" name="f" time="0.031"/>
  <testcase classname="com.runner.runclass" name="runScenario" time="23.237"/>
  <testcase classname="com.runner.runclass" name="runScenario" time="22.373"/>
  <testcase classname="com.runner.runclass" name="runScenario" time="21.220"/>
  <testcase classname="com.runner.runclass" name="runScenario" time="11.163"/>
  <testcase classname="com.runner.runclass" name="runScenario" time="13.433"/>
  <testcase classname="com.runner.runclass" name="runScenario" time="11.273"/>
</testsuite> <!-- com.runner.runclass -->
